  glad.c
  stb_image.cpp
  main.cpp
c:\gl\include\engine\shader_m.h(44,40): warning C4101: 'e': variable local sin referencia
C:\Users\jossr\source\repos\OGL_LIGHTING\OGL_MATERIALS\main.cpp(162,28): warning C4244: 'inicializando': conversión de 'double' a 'float'; posible pérdida de datos
C:\Users\jossr\source\repos\OGL_LIGHTING\OGL_MATERIALS\main.cpp(182,27): warning C4244: '=': conversión de 'double' a 'T'; posible pérdida de datos
          with
          [
              T=float
          ]
C:\Users\jossr\source\repos\OGL_LIGHTING\OGL_MATERIALS\main.cpp(183,27): warning C4244: '=': conversión de 'double' a 'T'; posible pérdida de datos
          with
          [
              T=float
          ]
C:\Users\jossr\source\repos\OGL_LIGHTING\OGL_MATERIALS\main.cpp(184,27): warning C4244: '=': conversión de 'double' a 'T'; posible pérdida de datos
          with
          [
              T=float
          ]
C:\Users\jossr\source\repos\OGL_LIGHTING\OGL_MATERIALS\main.cpp(277,17): warning C4244: '=': conversión de 'double' a 'float'; posible pérdida de datos
C:\Users\jossr\source\repos\OGL_LIGHTING\OGL_MATERIALS\main.cpp(278,17): warning C4244: '=': conversión de 'double' a 'float'; posible pérdida de datos
C:\Users\jossr\source\repos\OGL_LIGHTING\OGL_MATERIALS\main.cpp(282,19): warning C4244: 'inicializando': conversión de 'double' a 'float'; posible pérdida de datos
C:\Users\jossr\source\repos\OGL_LIGHTING\OGL_MATERIALS\main.cpp(283,19): warning C4244: 'inicializando': conversión de 'double' a 'float'; posible pérdida de datos
C:\Users\jossr\source\repos\OGL_LIGHTING\OGL_MATERIALS\main.cpp(285,13): warning C4244: '=': conversión de 'double' a 'float'; posible pérdida de datos
C:\Users\jossr\source\repos\OGL_LIGHTING\OGL_MATERIALS\main.cpp(286,13): warning C4244: '=': conversión de 'double' a 'float'; posible pérdida de datos
C:\Users\jossr\source\repos\OGL_LIGHTING\OGL_MATERIALS\main.cpp(295,31): warning C4244: 'argumento': conversión de 'double' a 'float'; posible pérdida de datos
  Generando código...
LINK : warning LNK4098: la biblioteca predeterminada'MSVCRT' entra en conflicto con otras bibliotecas; use la biblioteca /NODEFAULTLIB:biblioteca
  OGL_MATERIALS.vcxproj -> C:\Users\jossr\source\repos\OGL_LIGHTING\Debug\OGL_MATERIALS.exe
